<?xml version="1.0" encoding="UTF-8"?>
<testng-results ignored="0" total="1" passed="1" failed="0" skipped="0">
  <reporter-output>
  </reporter-output>
  <suite started-at="2020-12-31T07:33:31Z" name="Default suite" finished-at="2020-12-31T07:33:44Z" duration-ms="13019">
    <groups>
    </groups>
    <test started-at="2020-12-31T07:33:31Z" name="Default test" finished-at="2020-12-31T07:33:44Z" duration-ms="13019">
      <class name="com.bza.ecom.testcases.Facebook">
        <test-method is-config="true" signature="configReport()[pri:0, instance:com.bza.ecom.testcases.Facebook@738dc9b]" started-at="2020-12-31T07:33:30Z" name="configReport" finished-at="2020-12-31T07:33:31Z" duration-ms="192" status="PASS">
          <reporter-output>
          </reporter-output>
        </test-method> <!-- configReport -->
        <test-method is-config="true" signature="init()[pri:0, instance:com.bza.ecom.testcases.Facebook@738dc9b]" started-at="2020-12-31T07:33:31Z" name="init" finished-at="2020-12-31T07:33:37Z" duration-ms="6230" status="PASS">
          <reporter-output>
          </reporter-output>
        </test-method> <!-- init -->
        <test-method signature="handleDropDowns()[pri:0, instance:com.bza.ecom.testcases.Facebook@738dc9b]" started-at="2020-12-31T07:33:37Z" name="handleDropDowns" finished-at="2020-12-31T07:33:43Z" duration-ms="6731" status="PASS">
          <reporter-output>
          </reporter-output>
        </test-method> <!-- handleDropDowns -->
        <test-method is-config="true" signature="verifyResults()[pri:0, instance:com.bza.ecom.testcases.Facebook@738dc9b]" started-at="2020-12-31T07:33:44Z" name="verifyResults" finished-at="2020-12-31T07:33:44Z" duration-ms="36" status="PASS">
          <reporter-output>
          </reporter-output>
        </test-method> <!-- verifyResults -->
        <test-method is-config="true" signature="prepareReport()[pri:0, instance:com.bza.ecom.testcases.Facebook@738dc9b]" started-at="2020-12-31T07:33:44Z" name="prepareReport" finished-at="2020-12-31T07:33:44Z" duration-ms="492" status="FAIL">
          <exception class="java.lang.AssertionError">
            <message>
              <![CDATA[The following asserts failed:
expected [Jan1] but found [Jan]]]>
            </message>
            <full-stacktrace>
              <![CDATA[java.lang.AssertionError: The following asserts failed:
expected [Jan1] but found [Jan]
at org.testng.asserts.SoftAssert.assertAll(SoftAssert.java:43)
at utilities.Reports.prepareReport(Reports.java:57)
at java.base/jdk.internal.reflect.NativeMethodAccessorImpl.invoke0(Native Method)
at java.base/jdk.internal.reflect.NativeMethodAccessorImpl.invoke(NativeMethodAccessorImpl.java:62)
at java.base/jdk.internal.reflect.DelegatingMethodAccessorImpl.invoke(DelegatingMethodAccessorImpl.java:43)
at java.base/java.lang.reflect.Method.invoke(Method.java:564)
at org.testng.internal.MethodInvocationHelper.invokeMethod(MethodInvocationHelper.java:124)
at org.testng.internal.MethodInvocationHelper.invokeMethodConsideringTimeout(MethodInvocationHelper.java:59)
at org.testng.internal.Invoker.invokeConfigurationMethod(Invoker.java:458)
at org.testng.internal.Invoker.invokeConfigurations(Invoker.java:222)
at org.testng.internal.Invoker.invokeConfigurations(Invoker.java:142)
at org.testng.SuiteRunner.privateRun(SuiteRunner.java:425)
at org.testng.SuiteRunner.run(SuiteRunner.java:364)
at org.testng.SuiteRunnerWorker.runSuite(SuiteRunnerWorker.java:52)
at org.testng.SuiteRunnerWorker.run(SuiteRunnerWorker.java:84)
at org.testng.TestNG.runSuitesSequentially(TestNG.java:1208)
at org.testng.TestNG.runSuitesLocally(TestNG.java:1137)
at org.testng.TestNG.runSuites(TestNG.java:1049)
at org.testng.TestNG.run(TestNG.java:1017)
at org.testng.remote.AbstractRemoteTestNG.run(AbstractRemoteTestNG.java:115)
at org.testng.remote.RemoteTestNG.initAndRun(RemoteTestNG.java:251)
at org.testng.remote.RemoteTestNG.main(RemoteTestNG.java:77)
]]>
            </full-stacktrace>
          </exception> <!-- java.lang.AssertionError -->
          <reporter-output>
          </reporter-output>
        </test-method> <!-- prepareReport -->
      </class> <!-- com.bza.ecom.testcases.Facebook -->
    </test> <!-- Default test -->
  </suite> <!-- Default suite -->
</testng-results>
