<?xml version="1.0" encoding="UTF-8"?>
<testng-results ignored="0" total="1" passed="1" failed="0" skipped="0">
  <reporter-output>
  </reporter-output>
  <suite started-at="2020-12-30T12:36:41Z" name="Default suite" finished-at="2020-12-30T12:36:49Z" duration-ms="8596">
    <groups>
    </groups>
    <test started-at="2020-12-30T12:36:41Z" name="Default test" finished-at="2020-12-30T12:36:49Z" duration-ms="8596">
      <class name="com.bza.ecom.testcases.Login">
        <test-method is-config="true" signature="configReport()[pri:0, instance:com.bza.ecom.testcases.Login@1e6a3214]" started-at="2020-12-30T12:36:40Z" name="configReport" finished-at="2020-12-30T12:36:41Z" duration-ms="110" status="PASS">
          <reporter-output>
          </reporter-output>
        </test-method> <!-- configReport -->
        <test-method signature="googleSearch()[pri:0, instance:com.bza.ecom.testcases.Login@1e6a3214]" started-at="2020-12-30T12:36:41Z" name="googleSearch" finished-at="2020-12-30T12:36:49Z" duration-ms="8533" status="PASS">
          <reporter-output>
          </reporter-output>
        </test-method> <!-- googleSearch -->
        <test-method is-config="true" signature="verifyResults()[pri:0, instance:com.bza.ecom.testcases.Login@1e6a3214]" started-at="2020-12-30T12:36:49Z" name="verifyResults" finished-at="2020-12-30T12:36:49Z" duration-ms="43" status="PASS">
          <reporter-output>
          </reporter-output>
        </test-method> <!-- verifyResults -->
        <test-method is-config="true" signature="prepareReport()[pri:0, instance:com.bza.ecom.testcases.Login@1e6a3214]" started-at="2020-12-30T12:36:49Z" name="prepareReport" finished-at="2020-12-30T12:36:49Z" duration-ms="311" status="PASS">
          <reporter-output>
          </reporter-output>
        </test-method> <!-- prepareReport -->
      </class> <!-- com.bza.ecom.testcases.Login -->
    </test> <!-- Default test -->
  </suite> <!-- Default suite -->
</testng-results>
