<?xml version="1.0" encoding="UTF-8"?>
<!-- Generated by org.testng.reporters.JUnitReportReporter -->
<testsuite hostname="DESKTOP-72HQOG3" failures="0" tests="2" name="com.bza.ecom.testcases.Annotations2" time="0.001" errors="0" timestamp="31 Dec 2020 06:33:33 GMT" skipped="0">
  <testcase classname="com.bza.ecom.testcases.Annotations2" name="test12" time="0.001"/>
  <testcase classname="com.bza.ecom.testcases.Annotations2" name="test21" time="0.000"/>
</testsuite> <!-- com.bza.ecom.testcases.Annotations2 -->
